#
# There is insufficient memory for the Java Runtime Environment to continue.
# Native memory allocation (malloc) failed to allocate 262160 bytes for Chunk::new
# Possible reasons:
#   The system is out of physical RAM or swap space
#   The process is running with CompressedOops enabled, and the Java Heap may be blocking the growth of the native heap
# Possible solutions:
#   Reduce memory load on the system
#   Increase physical memory or swap space
#   Check if swap backing store is full
#   Decrease Java heap size (-Xmx/-Xms)
#   Decrease number of Java threads
#
#  

V  [jvm.dll+0x830a24]
V  [jvm.dll+0x8321ce]
V  [jvm.dll+0x832833]
V  [jvm.dll+0x2454b5]
V  [jvm.dll+0xabd7b]
V  [jvm.dll+0xac30c]
V  [jvm.dll+0xabe8b]
V  [jvm.dll+0x6535dc]
V  [jvm.dll+0x21ee99]
V  [jvm.dll+0x699001]
V  [jvm.dll+0x21fbc7]
V  [jvm.dll+0x217447]
V  [jvm.dll+0x1a3ccd]
V  [jvm.dll+0x227178]
V  [jvm.dll+0x2252bc]
V  [jvm.dll+0x7e673b]
V  [jvm.dll+0x7e0cfa]
V  [jvm.dll+0x674d85]
C  [ucrtbase.DLL+0x1c1ae]
C  [kernel32.dll+0x1652d]
C  [ntdll.dll+0x2c541]


---------------  P R O C E S S  ---------------

Threads class SMR info:
_java_thread_list=0x000000005e07d9e0, length=32, elements={
0x000000001a502350, 0x000000001a503350, 0x000000001a518aa0, 0x000000001a51c080,
0x000000001a538980, 0x000000001a53d300, 0x000000001a53eeb0, 0x000000001a540370,
0x000000001a55d800, 0x000000005bfc04c0, 0x000000005bfe4770, 0x000000006061c6d0,
0x0000000066ab4680, 0x00000000629b37d0, 0x000000006061c200, 0x000000006061cba0,
0x000000006061d540, 0x00000000629b3ca0, 0x00000000629b4170, 0x00000000629b4fe0,
0x00000000629b54b0, 0x00000000629b5980, 0x00000000629b5e50, 0x00000000629b6320,
0x00000000629b67f0, 0x00000000629b6cc0, 0x00000000629b7190, 0x0000000066ab76a0,
0x0000000066ab71d0, 0x0000000066ab59c0, 0x0000000066ab6d00, 0x0000000066ab5e90
}

Java Threads: ( => current thread )
  0x000000001a502350 JavaThread "Reference Handler" daemon [_thread_blocked, id=4040, stack(0x000000005b1d0000,0x000000005b2d0000)]
  0x000000001a503350 JavaThread "Finalizer" daemon [_thread_blocked, id=3772, stack(0x000000005b070000,0x000000005b170000)]
  0x000000001a518aa0 JavaThread "Signal Dispatcher" daemon [_thread_blocked, id=5936, stack(0x000000005b420000,0x000000005b520000)]
  0x000000001a51c080 JavaThread "Attach Listener" daemon [_thread_blocked, id=4236, stack(0x000000005b600000,0x000000005b700000)]
  0x000000001a538980 JavaThread "Service Thread" daemon [_thread_blocked, id=596, stack(0x000000005b720000,0x000000005b820000)]
  0x000000001a53d300 JavaThread "Monitor Deflation Thread" daemon [_thread_blocked, id=4420, stack(0x000000005b850000,0x000000005b950000)]
=>0x000000001a53eeb0 JavaThread "C2 CompilerThread0" daemon [_thread_in_native, id=3284, stack(0x000000005ba40000,0x000000005bb40000)]
  0x000000001a540370 JavaThread "C1 CompilerThread0" daemon [_thread_in_native, id=5552, stack(0x000000005bca0000,0x000000005bda0000)]
  0x000000001a55d800 JavaThread "Sweeper thread" daemon [_thread_blocked, id=4112, stack(0x000000005be10000,0x000000005bf10000)]
  0x000000005bfc04c0 JavaThread "Notification Thread" daemon [_thread_blocked, id=1160, stack(0x000000005c400000,0x000000005c500000)]
  0x000000005bfe4770 JavaThread "Common-Cleaner" daemon [_thread_blocked, id=3428, stack(0x000000005bb80000,0x000000005bc80000)]
  0x000000006061c6d0 JavaThread "mysql-cj-abandoned-connection-cleanup" daemon [_thread_blocked, id=5412, stack(0x0000000061260000,0x0000000061360000)]
  0x0000000066ab4680 JavaThread "Live Reload Server" daemon [_thread_in_native, id=5340, stack(0x000000005f150000,0x000000005f250000)]
  0x00000000629b37d0 JavaThread "DestroyJavaVM" [_thread_blocked, id=4312, stack(0x0000000002070000,0x0000000002170000)]
  0x000000006061c200 JavaThread "File Watcher" daemon [_thread_blocked, id=5124, stack(0x000000005c6a0000,0x000000005c7a0000)]
  0x000000006061cba0 JavaThread "Catalina-utility-1" [_thread_blocked, id=6844, stack(0x000000005f3a0000,0x000000005f4a0000)]
  0x000000006061d540 JavaThread "Catalina-utility-2" [_thread_blocked, id=7064, stack(0x0000000060020000,0x0000000060120000)]
  0x00000000629b3ca0 JavaThread "container-1" [_thread_blocked, id=6252, stack(0x0000000063d70000,0x0000000063e70000)]
  0x00000000629b4170 JavaThread "HikariPool-2 housekeeper" daemon [_thread_blocked, id=5136, stack(0x0000000063f20000,0x0000000064020000)]
  0x00000000629b4fe0 JavaThread "http-nio-7777-exec-1" daemon [_thread_blocked, id=1632, stack(0x0000000066460000,0x0000000066560000)]
  0x00000000629b54b0 JavaThread "http-nio-7777-exec-2" daemon [_thread_blocked, id=6212, stack(0x000000005efc0000,0x000000005f0c0000)]
  0x00000000629b5980 JavaThread "http-nio-7777-exec-3" daemon [_thread_blocked, id=6592, stack(0x00000000665b0000,0x00000000666b0000)]
  0x00000000629b5e50 JavaThread "http-nio-7777-exec-4" daemon [_thread_blocked, id=5612, stack(0x0000000064090000,0x0000000064190000)]
  0x00000000629b6320 JavaThread "http-nio-7777-exec-5" daemon [_thread_blocked, id=6340, stack(0x00000000666c0000,0x00000000667c0000)]
  0x00000000629b67f0 JavaThread "http-nio-7777-exec-6" daemon [_thread_blocked, id=6800, stack(0x0000000063c50000,0x0000000063d50000)]
  0x00000000629b6cc0 JavaThread "http-nio-7777-exec-7" daemon [_thread_blocked, id=4256, stack(0x0000000067900000,0x0000000067a00000)]
  0x00000000629b7190 JavaThread "http-nio-7777-exec-8" daemon [_thread_blocked, id=3736, stack(0x0000000067a60000,0x0000000067b60000)]
  0x0000000066ab76a0 JavaThread "http-nio-7777-exec-9" daemon [_thread_blocked, id=3500, stack(0x0000000067be0000,0x0000000067ce0000)]
  0x0000000066ab71d0 JavaThread "http-nio-7777-exec-10" daemon [_thread_blocked, id=3740, stack(0x00000000677d0000,0x00000000678d0000)]
  0x0000000066ab59c0 JavaThread "http-nio-7777-Poller" daemon [_thread_in_native, id=5520, stack(0x0000000067d10000,0x0000000067e10000)]
  0x0000000066ab6d00 JavaThread "http-nio-7777-Acceptor" daemon [_thread_in_native, id=6512, stack(0x0000000067fd0000,0x00000000680d0000)]
  0x0000000066ab5e90 JavaThread "Thread-7" [_thread_in_Java, id=3288, stack(0x000000005ee80000,0x000000005ef80000)]

Other Threads:
  0x000000001a4da550 VMThread "VM Thread" [stack: 0x000000001a6a0000,0x000000001a7a0000] [id=4316]
  0x000000001a0e7c30 WatcherThread [stack: 0x000000005c540000,0x000000005c640000] [id=5368]
  0x0000000000332670 GCTaskThread "GC Thread#0" [stack: 0x0000000017760000,0x0000000017860000] [id=4448]
  0x000000005d0a3cf0 GCTaskThread "GC Thread#1" [stack: 0x000000005d220000,0x000000005d320000] [id=5692]
  0x000000005d025a70 GCTaskThread "GC Thread#2" [stack: 0x000000005d120000,0x000000005d220000] [id=4028]
  0x000000005d09a910 GCTaskThread "GC Thread#3" [stack: 0x000000005b2d0000,0x000000005b3d0000] [id=5356]
  0x000000000033d1c0 ConcurrentGCThread "G1 Main Marker" [stack: 0x0000000017950000,0x0000000017a50000] [id=5952]
  0x00000000003406a0 ConcurrentGCThread "G1 Conc#0" [stack: 0x0000000017ae0000,0x0000000017be0000] [id=1328]
  0x000000001a040080 ConcurrentGCThread "G1 Refine#0" [stack: 0x000000001a200000,0x000000001a300000] [id=4220]
  0x000000005cdb4970 ConcurrentGCThread "G1 Refine#1" [stack: 0x000000005ebe0000,0x000000005ece0000] [id=4176]
  0x000000000036a6b0 ConcurrentGCThread "G1 Service" [stack: 0x000000001a330000,0x000000001a430000] [id=4252]

Threads with active compile tasks:
C2 CompilerThread0  14236702 9401       4       org.springframework.util.StringUtils::cleanPath (346 bytes)
C1 CompilerThread0  14236702 9404   !   3       org.springframework.util.ClassUtils::isCacheSafe (84 bytes)

VM state: not at safepoint (normal execution)

VM Mutex/Monitor currently owned by a thread: None

Heap address: 0x00000000c1800000, size: 1000 MB, Compressed Oops mode: 32-bit

CDS archive(s) not mapped
Compressed class space mapped at: 0x000000001a800000-0x000000005a800000, reserved size: 1073741824
Narrow klass base: 0x0000000000000000, Narrow klass shift: 0, Narrow klass range: 0x5a800000

GC Precious Log:
 CPUs: 4 total, 4 available
 Memory: 3999M
 Large Page Support: Disabled
 NUMA Support: Disabled
 Compressed Oops: Enabled (32-bit)
 Heap Region Size: 1M
 Heap Min Capacity: 8M
 Heap Initial Capacity: 64M
 Heap Max Capacity: 1000M
 Pre-touch: Disabled
 Parallel Workers: 4
 Concurrent Workers: 1
 Concurrent Refinement Workers: 4
 Periodic GC: Disabled

Heap:
 garbage-first heap   total 86016K, used 48985K [0x00000000c1800000, 0x0000000100000000)
  region size 1024K, 15 young (15360K), 1 survivors (1024K)
 Metaspace       used 82584K, committed 83136K, reserved 1122304K
  class space    used 10373K, committed 10624K, reserved 1048576K

Heap Regions: E=young(eden), S=young(survivor), O=old, HS=humongous(starts), HC=humongous(continues), CS=collection set, F=free, OA=open archive, CA=closed archive, TAMS=top-at-mark-start (previous, next)
|   0|0x00000000c1800000, 0x00000000c1900000, 0x00000000c1900000|100%|HS|  |TAMS 0x00000000c1900000, 0x00000000c1800000| Complete 
|   1|0x00000000c1900000, 0x00000000c19e4960, 0x00000000c1a00000| 89%| O|  |TAMS 0x00000000c19e4960, 0x00000000c1900000| Untracked 
|   2|0x00000000c1a00000, 0x00000000c1b00000, 0x00000000c1b00000|100%| O|  |TAMS 0x00000000c1b00000, 0x00000000c1a00000| Untracked 
|   3|0x00000000c1b00000, 0x00000000c1c00000, 0x00000000c1c00000|100%| O|  |TAMS 0x00000000c1c00000, 0x00000000c1b00000| Untracked 
|   4|0x00000000c1c00000, 0x00000000c1cffff0, 0x00000000c1d00000| 99%| O|  |TAMS 0x00000000c1cffff0, 0x00000000c1c00000| Untracked 
|   5|0x00000000c1d00000, 0x00000000c1e00000, 0x00000000c1e00000|100%| O|  |TAMS 0x00000000c1e00000, 0x00000000c1d00000| Untracked 
|   6|0x00000000c1e00000, 0x00000000c1effff8, 0x00000000c1f00000| 99%| O|  |TAMS 0x00000000c1effff8, 0x00000000c1e00000| Untracked 
|   7|0x00000000c1f00000, 0x00000000c1fffff8, 0x00000000c2000000| 99%| O|  |TAMS 0x00000000c1fffff8, 0x00000000c1f00000| Untracked 
|   8|0x00000000c2000000, 0x00000000c20ffff0, 0x00000000c2100000| 99%| O|  |TAMS 0x00000000c20ffff0, 0x00000000c2000000| Untracked 
|   9|0x00000000c2100000, 0x00000000c21ffff0, 0x00000000c2200000| 99%| O|  |TAMS 0x00000000c21ffff0, 0x00000000c2100000| Untracked 
|  10|0x00000000c2200000, 0x00000000c22fffd0, 0x00000000c2300000| 99%| O|  |TAMS 0x00000000c22fffd0, 0x00000000c2200000| Untracked 
|  11|0x00000000c2300000, 0x00000000c23fffe0, 0x00000000c2400000| 99%| O|  |TAMS 0x00000000c23fffe0, 0x00000000c2300000| Untracked 
|  12|0x00000000c2400000, 0x00000000c24fffe8, 0x00000000c2500000| 99%| O|  |TAMS 0x00000000c24fffe8, 0x00000000c2400000| Untracked 
|  13|0x00000000c2500000, 0x00000000c25fffe8, 0x00000000c2600000| 99%| O|  |TAMS 0x00000000c25fffe8, 0x00000000c2500000| Untracked 
|  14|0x00000000c2600000, 0x00000000c26ffff0, 0x00000000c2700000| 99%| O|  |TAMS 0x00000000c26ffff0, 0x00000000c2600000| Untracked 
|  15|0x00000000c2700000, 0x00000000c27fffe8, 0x00000000c2800000| 99%| O|  |TAMS 0x00000000c27fffe8, 0x00000000c2700000| Untracked 
|  16|0x00000000c2800000, 0x00000000c28ffff8, 0x00000000c2900000| 99%| O|  |TAMS 0x00000000c28ffff8, 0x00000000c2800000| Untracked 
|  17|0x00000000c2900000, 0x00000000c29fff88, 0x00000000c2a00000| 99%| O|  |TAMS 0x00000000c29fff88, 0x00000000c2900000| Untracked 
|  18|0x00000000c2a00000, 0x00000000c2afffe8, 0x00000000c2b00000| 99%| O|  |TAMS 0x00000000c2afffe8, 0x00000000c2a00000| Untracked 
|  19|0x00000000c2b00000, 0x00000000c2bfffb8, 0x00000000c2c00000| 99%| O|  |TAMS 0x00000000c2bfffb8, 0x00000000c2b00000| Untracked 
|  20|0x00000000c2c00000, 0x00000000c2cfffe8, 0x00000000c2d00000| 99%| O|  |TAMS 0x00000000c2cfffe8, 0x00000000c2c00000| Untracked 
|  21|0x00000000c2d00000, 0x00000000c2e00000, 0x00000000c2e00000|100%| O|  |TAMS 0x00000000c2e00000, 0x00000000c2d00000| Untracked 
|  22|0x00000000c2e00000, 0x00000000c2effff0, 0x00000000c2f00000| 99%| O|  |TAMS 0x00000000c2effff0, 0x00000000c2e00000| Untracked 
|  23|0x00000000c2f00000, 0x00000000c3000000, 0x00000000c3000000|100%| O|  |TAMS 0x00000000c3000000, 0x00000000c2f00000| Untracked 
|  24|0x00000000c3000000, 0x00000000c30ffff8, 0x00000000c3100000| 99%| O|  |TAMS 0x00000000c30ffff8, 0x00000000c3000000| Untracked 
|  25|0x00000000c3100000, 0x00000000c314f808, 0x00000000c3200000| 31%| O|  |TAMS 0x00000000c314f808, 0x00000000c3100000| Untracked 
|  26|0x00000000c3200000, 0x00000000c32bf9e0, 0x00000000c3300000| 74%| O|  |TAMS 0x00000000c32bf9e0, 0x00000000c3200000| Untracked 
|  27|0x00000000c3300000, 0x00000000c3400000, 0x00000000c3400000|100%| O|  |TAMS 0x00000000c3400000, 0x00000000c3300000| Untracked 
|  28|0x00000000c3400000, 0x00000000c3500000, 0x00000000c3500000|100%| O|  |TAMS 0x00000000c3500000, 0x00000000c3400000| Untracked 
|  29|0x00000000c3500000, 0x00000000c3600000, 0x00000000c3600000|100%| O|  |TAMS 0x00000000c3600000, 0x00000000c3500000| Untracked 
|  30|0x00000000c3600000, 0x00000000c3700000, 0x00000000c3700000|100%| O|  |TAMS 0x00000000c361c200, 0x00000000c3600000| Untracked 
|  31|0x00000000c3700000, 0x00000000c3800000, 0x00000000c3800000|100%| O|  |TAMS 0x00000000c3700000, 0x00000000c3700000| Untracked 
|  32|0x00000000c3800000, 0x00000000c3900000, 0x00000000c3900000|100%| O|  |TAMS 0x00000000c3800000, 0x00000000c3800000| Untracked 
|  33|0x00000000c3900000, 0x00000000c3a00000, 0x00000000c3a00000|100%| O|  |TAMS 0x00000000c3900000, 0x00000000c3900000| Untracked 
|  34|0x00000000c3a00000, 0x00000000c3a1e000, 0x00000000c3b00000| 11%| O|  |TAMS 0x00000000c3a00000, 0x00000000c3a00000| Untracked 
|  35|0x00000000c3b00000, 0x00000000c3b00000, 0x00000000c3c00000|  0%| F|  |TAMS 0x00000000c3b00000, 0x00000000c3b00000| Untracked 
|  36|0x00000000c3c00000, 0x00000000c3c00000, 0x00000000c3d00000|  0%| F|  |TAMS 0x00000000c3c00000, 0x00000000c3c00000| Untracked 
|  37|0x00000000c3d00000, 0x00000000c3d00000, 0x00000000c3e00000|  0%| F|  |TAMS 0x00000000c3d00000, 0x00000000c3d00000| Untracked 
|  38|0x00000000c3e00000, 0x00000000c3e00000, 0x00000000c3f00000|  0%| F|  |TAMS 0x00000000c3e00000, 0x00000000c3e00000| Untracked 
|  39|0x00000000c3f00000, 0x00000000c3f00000, 0x00000000c4000000|  0%| F|  |TAMS 0x00000000c3f00000, 0x00000000c3f00000| Untracked 
|  40|0x00000000c4000000, 0x00000000c4000000, 0x00000000c4100000|  0%| F|  |TAMS 0x00000000c4000000, 0x00000000c4000000| Untracked 
|  41|0x00000000c4100000, 0x00000000c4100000, 0x00000000c4200000|  0%| F|  |TAMS 0x00000000c4100000, 0x00000000c4100000| Untracked 
|  42|0x00000000c4200000, 0x00000000c4300000, 0x00000000c4300000|100%| O|  |TAMS 0x00000000c4300000, 0x00000000c4200000| Untracked 
|  43|0x00000000c4300000, 0x00000000c4300000, 0x00000000c4400000|  0%| F|  |TAMS 0x00000000c4300000, 0x00000000c4300000| Untracked 
|  44|0x00000000c4400000, 0x00000000c4400000, 0x00000000c4500000|  0%| F|  |TAMS 0x00000000c4400000, 0x00000000c4400000| Untracked 
|  45|0x00000000c4500000, 0x00000000c45c4c00, 0x00000000c4600000| 76%| S|CS|TAMS 0x00000000c4500000, 0x00000000c4500000| Complete 
|  46|0x00000000c4600000, 0x00000000c4600000, 0x00000000c4700000|  0%| F|  |TAMS 0x00000000c4600000, 0x00000000c4600000| Untracked 
|  47|0x00000000c4700000, 0x00000000c4700000, 0x00000000c4800000|  0%| F|  |TAMS 0x00000000c4700000, 0x00000000c4700000| Untracked 
|  48|0x00000000c4800000, 0x00000000c4800000, 0x00000000c4900000|  0%| F|  |TAMS 0x00000000c4800000, 0x00000000c4800000| Untracked 
|  49|0x00000000c4900000, 0x00000000c4900000, 0x00000000c4a00000|  0%| F|  |TAMS 0x00000000c4900000, 0x00000000c4900000| Untracked 
|  50|0x00000000c4a00000, 0x00000000c4a00000, 0x00000000c4b00000|  0%| F|  |TAMS 0x00000000c4a00000, 0x00000000c4a00000| Untracked 
|  51|0x00000000c4b00000, 0x00000000c4b00000, 0x00000000c4c00000|  0%| F|  |TAMS 0x00000000c4b00000, 0x00000000c4b00000| Untracked 
|  52|0x00000000c4c00000, 0x00000000c4c00000, 0x00000000c4d00000|  0%| F|  |TAMS 0x00000000c4c00000, 0x00000000c4c00000| Untracked 
|  53|0x00000000c4d00000, 0x00000000c4d00000, 0x00000000c4e00000|  0%| F|  |TAMS 0x00000000c4d00000, 0x00000000c4d00000| Untracked 
|  54|0x00000000c4e00000, 0x00000000c4e00000, 0x00000000c4f00000|  0%| F|  |TAMS 0x00000000c4e00000, 0x00000000c4e00000| Untracked 
|  55|0x00000000c4f00000, 0x00000000c4f00000, 0x00000000c5000000|  0%| F|  |TAMS 0x00000000c4f00000, 0x00000000c4f00000| Untracked 
|  56|0x00000000c5000000, 0x00000000c5000000, 0x00000000c5100000|  0%| F|  |TAMS 0x00000000c5000000, 0x00000000c5000000| Untracked 
|  57|0x00000000c5100000, 0x00000000c5100000, 0x00000000c5200000|  0%| F|  |TAMS 0x00000000c5100000, 0x00000000c5100000| Untracked 
|  58|0x00000000c5200000, 0x00000000c5200000, 0x00000000c5300000|  0%| F|  |TAMS 0x00000000c5200000, 0x00000000c5200000| Untracked 
|  59|0x00000000c5300000, 0x00000000c5300000, 0x00000000c5400000|  0%| F|  |TAMS 0x00000000c5300000, 0x00000000c5300000| Untracked 
|  60|0x00000000c5400000, 0x00000000c5400000, 0x00000000c5500000|  0%| F|  |TAMS 0x00000000c5400000, 0x00000000c5400000| Untracked 
|  61|0x00000000c5500000, 0x00000000c5500000, 0x00000000c5600000|  0%| F|  |TAMS 0x00000000c5500000, 0x00000000c5500000| Untracked 
|  62|0x00000000c5600000, 0x00000000c5600000, 0x00000000c5700000|  0%| F|  |TAMS 0x00000000c5600000, 0x00000000c5600000| Untracked 
|  63|0x00000000c5700000, 0x00000000c5700000, 0x00000000c5800000|  0%| F|  |TAMS 0x00000000c5700000, 0x00000000c5700000| Untracked 
|  64|0x00000000c5800000, 0x00000000c5800000, 0x00000000c5900000|  0%| F|  |TAMS 0x00000000c5800000, 0x00000000c5800000| Untracked 
|  65|0x00000000c5900000, 0x00000000c5900000, 0x00000000c5a00000|  0%| F|  |TAMS 0x00000000c5900000, 0x00000000c5900000| Untracked 
|  66|0x00000000c5a00000, 0x00000000c5a00000, 0x00000000c5b00000|  0%| F|  |TAMS 0x00000000c5a00000, 0x00000000c5a00000| Untracked 
|  67|0x00000000c5b00000, 0x00000000c5b00000, 0x00000000c5c00000|  0%| F|  |TAMS 0x00000000c5b00000, 0x00000000c5b00000| Untracked 
|  68|0x00000000c5c00000, 0x00000000c5c00000, 0x00000000c5d00000|  0%| F|  |TAMS 0x00000000c5c00000, 0x00000000c5c00000| Untracked 
|  69|0x00000000c5d00000, 0x00000000c5d00000, 0x00000000c5e00000|  0%| F|  |TAMS 0x00000000c5d00000, 0x00000000c5d00000| Untracked 
|  70|0x00000000c5e00000, 0x00000000c5e1ad68, 0x00000000c5f00000| 10%| E|  |TAMS 0x00000000c5e00000, 0x00000000c5e00000| Complete 
|  71|0x00000000c5f00000, 0x00000000c6000000, 0x00000000c6000000|100%| E|CS|TAMS 0x00000000c5f00000, 0x00000000c5f00000| Complete 
|  72|0x00000000c6000000, 0x00000000c6100000, 0x00000000c6100000|100%| E|CS|TAMS 0x00000000c6000000, 0x00000000c6000000| Complete 
|  73|0x00000000c6100000, 0x00000000c6200000, 0x00000000c6200000|100%| E|CS|TAMS 0x00000000c6100000, 0x00000000c6100000| Complete 
|  74|0x00000000c6200000, 0x00000000c6300000, 0x00000000c6300000|100%| E|CS|TAMS 0x00000000c6200000, 0x00000000c6200000| Complete 
|  75|0x00000000c6300000, 0x00000000c6400000, 0x00000000c6400000|100%| E|CS|TAMS 0x00000000c6300000, 0x00000000c6300000| Complete 
|  76|0x00000000c6400000, 0x00000000c6500000, 0x00000000c6500000|100%| E|CS|TAMS 0x00000000c6400000, 0x00000000c6400000| Complete 
|  77|0x00000000c6500000, 0x00000000c6600000, 0x00000000c6600000|100%| E|CS|TAMS 0x00000000c6500000, 0x00000000c6500000| Complete 
|  78|0x00000000c6600000, 0x00000000c6700000, 0x00000000c6700000|100%| E|CS|TAMS 0x00000000c6600000, 0x00000000c6600000| Complete 
|  79|0x00000000c6700000, 0x00000000c6800000, 0x00000000c6800000|100%| E|CS|TAMS 0x00000000c6700000, 0x00000000c6700000| Complete 
|  80|0x00000000c6800000, 0x00000000c6900000, 0x00000000c6900000|100%| E|CS|TAMS 0x00000000c6800000, 0x00000000c6800000| Complete 
|  81|0x00000000c6900000, 0x00000000c6a00000, 0x00000000c6a00000|100%| E|CS|TAMS 0x00000000c6900000, 0x00000000c6900000| Complete 
|  82|0x00000000c6a00000, 0x00000000c6b00000, 0x00000000c6b00000|100%| E|CS|TAMS 0x00000000c6a00000, 0x00000000c6a00000| Complete 
|  83|0x00000000c6b00000, 0x00000000c6c00000, 0x00000000c6c00000|100%| E|CS|TAMS 0x00000000c6b00000, 0x00000000c6b00000| Complete 

Card table byte_map: [0x0000000015360000,0x0000000015560000] _byte_map_base: 0x0000000014d54000

Marking Bits (Prev, Next): (CMBitMap*) 0x0000000000332b90, (CMBitMap*) 0x0000000000332bd0
 Prev Bits: [0x0000000015760000, 0x0000000016700000)
 Next Bits: [0x0000000016700000, 0x00000000176a0000)

Polling page: 0x0000000000220000

Metaspace:

Usage:
  Non-class:     70.52 MB used.
      Class:     10.13 MB used.
       Both:     80.65 MB used.

Virtual space:
  Non-class space:       72.00 MB reserved,      70.81 MB ( 98%) committed,  9 nodes.
      Class space:        1.00 GB reserved,      10.38 MB (  1%) committed,  1 nodes.
             Both:        1.07 GB reserved,      81.19 MB (  7%) committed. 

Chunk freelists:
   Non-Class:  528.00 KB
       Class:  1.68 MB
        Both:  2.19 MB

MaxMetaspaceSize: unlimited
CompressedClassSpaceSize: 1.00 GB
Initial GC threshold: 21.00 MB
Current GC threshold: 135.13 MB
CDS: off
MetaspaceReclaimPolicy: balanced
 - commit_granule_bytes: 65536.
 - commit_granule_words: 8192.
 - virtual_space_node_default_size: 1048576.
 - enlarge_chunks_in_place: 1.
 - new_chunks_are_fully_committed: 0.
 - uncommit_free_chunks: 1.
 - use_allocation_guard: 0.
 - handle_deallocations: 1.


Internal statistics:

num_allocs_failed_limit: 9.
num_arena_births: 744.
num_arena_deaths: 14.
num_vsnodes_births: 10.
num_vsnodes_deaths: 0.
num_space_committed: 1299.
num_space_uncommitted: 0.
num_chunks_returned_to_freelist: 29.
num_chunks_taken_from_freelist: 3453.
num_chunk_merges: 3.
num_chunk_splits: 2328.
num_chunks_enlarged: 1688.
num_purges: 4.
num_inconsistent_stats: 0.

CodeHeap 'non-profiled nmethods': size=120000Kb used=4887Kb max_used=4887Kb free=115112Kb
 bounds [0x000000000d700000, 0x000000000dbd0000, 0x0000000014c30000]
CodeHeap 'profiled nmethods': size=120000Kb used=16088Kb max_used=16088Kb free=103911Kb
 bounds [0x00000000061d0000, 0x0000000007190000, 0x000000000d700000]
CodeHeap 'non-nmethods': size=5760Kb used=1355Kb max_used=1401Kb free=4404Kb
 bounds [0x0000000005c30000, 0x0000000005ea0000, 0x00000000061d0000]
 total_blobs=9011 nmethods=8321 adapters=601
 compilation: enabled
              stopped_count=0, restarted_count=0
 full_count=0

Compilation events (20 events):
Event: 13854.643 Thread 0x000000001a53eeb0 nmethod 9389 0x000000000dbc4710 code [0x000000000dbc48c0, 0x000000000dbc4bb8]
Event: 13856.692 Thread 0x000000001a540370 9391       1       java.net.InetAddress$InetAddressHolder::getAddress (5 bytes)
Event: 13856.692 Thread 0x000000001a540370 nmethod 9391 0x000000000dbc4f90 code [0x000000000dbc5120, 0x000000000dbc51f8]
Event: 13857.841 Thread 0x000000001a540370 9392       3       com.mysql.cj.protocol.a.TextRowFactory::createFromMessage (9 bytes)
Event: 13857.842 Thread 0x000000001a540370 nmethod 9392 0x0000000007180410 code [0x00000000071805c0, 0x00000000071807e8]
Event: 13857.912 Thread 0x000000001a540370 9393       3       java.net.InetSocketAddress::getPort (8 bytes)
Event: 13857.912 Thread 0x000000001a540370 nmethod 9393 0x0000000007180890 code [0x0000000007180a20, 0x0000000007180b58]
Event: 13859.123 Thread 0x000000001a540370 9395       3       com.mysql.cj.CharsetMapping::getStaticMysqlCharsetNameForCollationIndex (32 bytes)
Event: 13859.124 Thread 0x000000001a540370 nmethod 9395 0x0000000007180c10 code [0x0000000007180de0, 0x00000000071811c8]
Event: 13861.425 Thread 0x000000001a540370 9396       3       sun.nio.ch.NioSocketImpl::intValue (43 bytes)
Event: 13861.426 Thread 0x000000001a540370 nmethod 9396 0x0000000007181310 code [0x0000000007181560, 0x0000000007181db8]
Event: 13861.458 Thread 0x000000001a53eeb0 9397       4       com.mysql.cj.protocol.a.NativePacketPayload::ensureCapacity (93 bytes)
Event: 13861.461 Thread 0x000000001a53eeb0 nmethod 9397 0x000000000dbc5690 code [0x000000000dbc5840, 0x000000000dbc5c78]
Event: 13925.958 Thread 0x000000001a540370 9398       3       com.zaxxer.hikari.pool.HikariPool::logPoolState (92 bytes)
Event: 13925.960 Thread 0x000000001a540370 nmethod 9398 0x0000000007182090 code [0x00000000071823e0, 0x0000000007183df8]
Event: 14230.629 Thread 0x000000001a540370 9399       3       org.springframework.boot.devtools.filewatch.ChangedFile::hashCode (19 bytes)
Event: 14230.660 Thread 0x000000001a540370 nmethod 9399 0x0000000007184690 code [0x0000000007184880, 0x0000000007184bc8]
Event: 14231.866 Thread 0x000000001a540370 9400   !   3       org.springframework.util.ClassUtils::isPresent (52 bytes)
Event: 14231.923 Thread 0x000000001a540370 nmethod 9400 0x0000000007184e10 code [0x0000000007185080, 0x00000000071858f8]
Event: 14232.378 Thread 0x000000001a53eeb0 9401       4       org.springframework.util.StringUtils::cleanPath (346 bytes)

GC Heap History (20 events):
Event: 4153.415 GC heap before
{Heap before GC invocations=43 (full 1):
 garbage-first heap   total 86016K, used 73212K [0x00000000c1800000, 0x0000000100000000)
  region size 1024K, 39 young (39936K), 2 survivors (2048K)
 Metaspace       used 82516K, committed 83072K, reserved 1122304K
  class space    used 10373K, committed 10624K, reserved 1048576K
}
Event: 4153.457 GC heap after
{Heap after GC invocations=44 (full 1):
 garbage-first heap   total 86016K, used 35409K [0x00000000c1800000, 0x0000000100000000)
  region size 1024K, 3 young (3072K), 3 survivors (3072K)
 Metaspace       used 82516K, committed 83072K, reserved 1122304K
  class space    used 10373K, committed 10624K, reserved 1048576K
}
Event: 4498.124 GC heap before
{Heap before GC invocations=44 (full 1):
 garbage-first heap   total 86016K, used 71249K [0x00000000c1800000, 0x0000000100000000)
  region size 1024K, 38 young (38912K), 3 survivors (3072K)
 Metaspace       used 82536K, committed 83072K, reserved 1122304K
  class space    used 10373K, committed 10624K, reserved 1048576K
}
Event: 4498.139 GC heap after
{Heap after GC invocations=45 (full 1):
 garbage-first heap   total 86016K, used 35454K [0x00000000c1800000, 0x0000000100000000)
  region size 1024K, 3 young (3072K), 3 survivors (3072K)
 Metaspace       used 82536K, committed 83072K, reserved 1122304K
  class space    used 10373K, committed 10624K, reserved 1048576K
}
Event: 4856.768 GC heap before
{Heap before GC invocations=45 (full 1):
 garbage-first heap   total 86016K, used 71294K [0x00000000c1800000, 0x0000000100000000)
  region size 1024K, 38 young (38912K), 3 survivors (3072K)
 Metaspace       used 82538K, committed 83072K, reserved 1122304K
  class space    used 10373K, committed 10624K, reserved 1048576K
}
Event: 4856.784 GC heap after
{Heap after GC invocations=46 (full 1):
 garbage-first heap   total 86016K, used 35324K [0x00000000c1800000, 0x0000000100000000)
  region size 1024K, 2 young (2048K), 2 survivors (2048K)
 Metaspace       used 82538K, committed 83072K, reserved 1122304K
  class space    used 10373K, committed 10624K, reserved 1048576K
}
Event: 5236.538 GC heap before
{Heap before GC invocations=46 (full 1):
 garbage-first heap   total 86016K, used 73212K [0x00000000c1800000, 0x0000000100000000)
  region size 1024K, 39 young (39936K), 2 survivors (2048K)
 Metaspace       used 82538K, committed 83072K, reserved 1122304K
  class space    used 10373K, committed 10624K, reserved 1048576K
}
Event: 5236.553 GC heap after
{Heap after GC invocations=47 (full 1):
 garbage-first heap   total 86016K, used 35324K [0x00000000c1800000, 0x0000000100000000)
  region size 1024K, 2 young (2048K), 2 survivors (2048K)
 Metaspace       used 82538K, committed 83072K, reserved 1122304K
  class space    used 10373K, committed 10624K, reserved 1048576K
}
Event: 5615.066 GC heap before
{Heap before GC invocations=47 (full 1):
 garbage-first heap   total 86016K, used 73212K [0x00000000c1800000, 0x0000000100000000)
  region size 1024K, 39 young (39936K), 2 survivors (2048K)
 Metaspace       used 82539K, committed 83072K, reserved 1122304K
  class space    used 10373K, committed 10624K, reserved 1048576K
}
Event: 5615.081 GC heap after
{Heap after GC invocations=48 (full 1):
 garbage-first heap   total 86016K, used 35324K [0x00000000c1800000, 0x0000000100000000)
  region size 1024K, 2 young (2048K), 2 survivors (2048K)
 Metaspace       used 82539K, committed 83072K, reserved 1122304K
  class space    used 10373K, committed 10624K, reserved 1048576K
}
Event: 5995.189 GC heap before
{Heap before GC invocations=48 (full 1):
 garbage-first heap   total 86016K, used 73212K [0x00000000c1800000, 0x0000000100000000)
  region size 1024K, 39 young (39936K), 2 survivors (2048K)
 Metaspace       used 82541K, committed 83072K, reserved 1122304K
  class space    used 10373K, committed 10624K, reserved 1048576K
}
Event: 5995.302 GC heap after
{Heap after GC invocations=49 (full 1):
 garbage-first heap   total 86016K, used 35494K [0x00000000c1800000, 0x0000000100000000)
  region size 1024K, 2 young (2048K), 2 survivors (2048K)
 Metaspace       used 82541K, committed 83072K, reserved 1122304K
  class space    used 10373K, committed 10624K, reserved 1048576K
}
Event: 6347.982 GC heap before
{Heap before GC invocations=49 (full 1):
 garbage-first heap   total 86016K, used 72358K [0x00000000c1800000, 0x0000000100000000)
  region size 1024K, 38 young (38912K), 2 survivors (2048K)
 Metaspace       used 82561K, committed 83136K, reserved 1122304K
  class space    used 10373K, committed 10624K, reserved 1048576K
}
Event: 6348.050 GC heap after
{Heap after GC invocations=50 (full 1):
 garbage-first heap   total 86016K, used 35711K [0x00000000c1800000, 0x0000000100000000)
  region size 1024K, 1 young (1024K), 1 survivors (1024K)
 Metaspace       used 82561K, committed 83136K, reserved 1122304K
  class space    used 10373K, committed 10624K, reserved 1048576K
}
Event: 6730.154 GC heap before
{Heap before GC invocations=50 (full 1):
 garbage-first heap   total 86016K, used 73599K [0x00000000c1800000, 0x0000000100000000)
  region size 1024K, 38 young (38912K), 1 survivors (1024K)
 Metaspace       used 82561K, committed 83136K, reserved 1122304K
  class space    used 10373K, committed 10624K, reserved 1048576K
}
Event: 6730.201 GC heap after
{Heap after GC invocations=51 (full 1):
 garbage-first heap   total 86016K, used 35489K [0x00000000c1800000, 0x0000000100000000)
  region size 1024K, 1 young (1024K), 1 survivors (1024K)
 Metaspace       used 82561K, committed 83136K, reserved 1122304K
  class space    used 10373K, committed 10624K, reserved 1048576K
}
Event: 7110.154 GC heap before
{Heap before GC invocations=51 (full 1):
 garbage-first heap   total 86016K, used 73377K [0x00000000c1800000, 0x0000000100000000)
  region size 1024K, 38 young (38912K), 1 survivors (1024K)
 Metaspace       used 82562K, committed 83136K, reserved 1122304K
  class space    used 10373K, committed 10624K, reserved 1048576K
}
Event: 7110.158 GC heap after
{Heap after GC invocations=52 (full 1):
 garbage-first heap   total 86016K, used 35470K [0x00000000c1800000, 0x0000000100000000)
  region size 1024K, 1 young (1024K), 1 survivors (1024K)
 Metaspace       used 82562K, committed 83136K, reserved 1122304K
  class space    used 10373K, committed 10624K, reserved 1048576K
}
Event: 14101.154 GC heap before
{Heap before GC invocations=52 (full 1):
 garbage-first heap   total 86016K, used 73358K [0x00000000c1800000, 0x0000000100000000)
  region size 1024K, 38 young (38912K), 1 survivors (1024K)
 Metaspace       used 82583K, committed 83136K, reserved 1122304K
  class space    used 10373K, committed 10624K, reserved 1048576K
}
Event: 14101.167 GC heap after
{Heap after GC invocations=53 (full 1):
 garbage-first heap   total 86016K, used 35673K [0x00000000c1800000, 0x0000000100000000)
  region size 1024K, 1 young (1024K), 1 survivors (1024K)
 Metaspace       used 82583K, committed 83136K, reserved 1122304K
  class space    used 10373K, committed 10624K, reserved 1048576K
}

Deoptimization events (20 events):
Event: 6698.530 Thread 0x000000006061cba0 Uncommon trap: trap_request=0xffffffd6 fr.pc=0x000000000dbc1eb0 relative=0x0000000000000410
Event: 6698.530 Thread 0x000000006061cba0 Uncommon trap: reason=array_check action=maybe_recompile pc=0x000000000dbc1eb0 method=java.util.HashMap.valuesToArray([Ljava/lang/Object;)[Ljava/lang/Object; @ 62 c2
Event: 6698.530 Thread 0x000000006061cba0 DEOPT PACKING pc=0x000000000dbc1eb0 sp=0x000000005f49f070
Event: 6698.530 Thread 0x000000006061cba0 DEOPT UNPACKING pc=0x0000000005c823a3 sp=0x000000005f49eff8 mode 2
Event: 14229.718 Thread 0x000000006061c200 Uncommon trap: trap_request=0xffffff45 fr.pc=0x000000000d727920 relative=0x00000000000009a0
Event: 14229.718 Thread 0x000000006061c200 Uncommon trap: reason=unstable_if action=reinterpret pc=0x000000000d727920 method=java.io.File.normalizedList()[Ljava/lang/String; @ 34 c2
Event: 14229.718 Thread 0x000000006061c200 DEOPT PACKING pc=0x000000000d727920 sp=0x000000005c79eee0
Event: 14229.747 Thread 0x00000000629b4b10 Uncommon trap: trap_request=0xffffff45 fr.pc=0x000000000d727920 relative=0x00000000000009a0
Event: 14229.747 Thread 0x00000000629b4b10 Uncommon trap: reason=unstable_if action=reinterpret pc=0x000000000d727920 method=java.io.File.normalizedList()[Ljava/lang/String; @ 34 c2
Event: 14229.747 Thread 0x00000000629b4b10 DEOPT PACKING pc=0x000000000d727920 sp=0x000000006539ef30
Event: 14229.747 Thread 0x00000000629b4b10 DEOPT UNPACKING pc=0x0000000005c823a3 sp=0x000000006539ee88 mode 2
Event: 14229.768 Thread 0x00000000629b4b10 Uncommon trap: trap_request=0xffffff45 fr.pc=0x000000000d7daffc relative=0x000000000000337c
Event: 14229.768 Thread 0x00000000629b4b10 Uncommon trap: reason=unstable_if action=reinterpret pc=0x000000000d7daffc method=org.springframework.boot.devtools.filewatch.DirectorySnapshot.collectFiles(Ljava/io/File;Ljava/util/Set;)V @ 6 c2
Event: 14229.768 Thread 0x00000000629b4b10 DEOPT PACKING pc=0x000000000d7daffc sp=0x000000006539efc0
Event: 14229.779 Thread 0x000000006061c200 DEOPT UNPACKING pc=0x0000000005c823a3 sp=0x000000005c79ee38 mode 2
Event: 14229.779 Thread 0x000000006061c200 Uncommon trap: trap_request=0xffffff45 fr.pc=0x000000000d7daffc relative=0x000000000000337c
Event: 14229.779 Thread 0x000000006061c200 Uncommon trap: reason=unstable_if action=reinterpret pc=0x000000000d7daffc method=org.springframework.boot.devtools.filewatch.DirectorySnapshot.collectFiles(Ljava/io/File;Ljava/util/Set;)V @ 6 c2
Event: 14229.779 Thread 0x000000006061c200 DEOPT PACKING pc=0x000000000d7daffc sp=0x000000005c79ef70
Event: 14229.801 Thread 0x00000000629b4b10 DEOPT UNPACKING pc=0x0000000005c823a3 sp=0x000000006539efc0 mode 2
Event: 14229.807 Thread 0x000000006061c200 DEOPT UNPACKING pc=0x0000000005c823a3 sp=0x000000005c79ef70 mode 2

Classes unloaded (7 events):
Event: 720.322 Thread 0x000000001a4da550 Unloading class 0x000000001b078400 'jdk/internal/reflect/GeneratedSerializationConstructorAccessor6'
Event: 720.322 Thread 0x000000001a4da550 Unloading class 0x000000001b075c00 'jdk/internal/reflect/GeneratedSerializationConstructorAccessor5'
Event: 720.322 Thread 0x000000001a4da550 Unloading class 0x000000001b074c00 'jdk/internal/reflect/GeneratedSerializationConstructorAccessor4'
Event: 720.322 Thread 0x000000001a4da550 Unloading class 0x000000001b074000 'jdk/internal/reflect/GeneratedSerializationConstructorAccessor3'
Event: 720.322 Thread 0x000000001a4da550 Unloading class 0x000000001b06d000 'jdk/internal/reflect/GeneratedSerializationConstructorAccessor2'
Event: 720.322 Thread 0x000000001a4da550 Unloading class 0x000000001b06c000 'jdk/internal/reflect/GeneratedSerializationConstructorAccessor1'
Event: 730.927 Thread 0x000000001a4da550 Unloading class 0x000000001b232800 'org/apache/catalina/loader/JdbcLeakPrevention'

Classes redefined (0 events):
No events

Internal exceptions (20 events):
Event: 729.564 Thread 0x000000006061bd30 Exception <a 'java/lang/ClassNotFoundException'{0x00000000c584c6f8}: com/app/entity/modal/BaseEntityCustomizer> (0x00000000c584c6f8) 
thrown [e:\jenkins\tmp\workspace\build\src\src\hotspot\share\classfile\systemDictionary.cpp, line 256]
Event: 729.565 Thread 0x000000006061bd30 Exception <a 'java/lang/ClassNotFoundException'{0x00000000c5853e50}: com/app/entity/modal/DoctorTimeTableCustomizer> (0x00000000c5853e50) 
thrown [e:\jenkins\tmp\workspace\build\src\src\hotspot\share\classfile\systemDictionary.cpp, line 256]
Event: 729.581 Thread 0x000000006061bd30 Exception <a 'java/lang/ClassNotFoundException'{0x00000000c58cf178}: java/lang/ObjectCustomizer> (0x00000000c58cf178) 
thrown [e:\jenkins\tmp\workspace\build\src\src\hotspot\share\classfile\systemDictionary.cpp, line 256]
Event: 729.583 Thread 0x000000006061bd30 Exception <a 'java/lang/ClassNotFoundException'{0x00000000c58d7da0}: com/app/entity/modal/BaseEntityCustomizer> (0x00000000c58d7da0) 
thrown [e:\jenkins\tmp\workspace\build\src\src\hotspot\share\classfile\systemDictionary.cpp, line 256]
Event: 729.585 Thread 0x000000006061bd30 Exception <a 'java/lang/ClassNotFoundException'{0x00000000c58df1c0}: com/app/entity/modal/AppointmentCustomizer> (0x00000000c58df1c0) 
thrown [e:\jenkins\tmp\workspace\build\src\src\hotspot\share\classfile\systemDictionary.cpp, line 256]
Event: 729.595 Thread 0x000000006061bd30 Exception <a 'java/lang/ClassNotFoundException'{0x00000000c57164f0}: java/lang/ObjectCustomizer> (0x00000000c57164f0) 
thrown [e:\jenkins\tmp\workspace\build\src\src\hotspot\share\classfile\systemDictionary.cpp, line 256]
Event: 729.597 Thread 0x000000006061bd30 Exception <a 'java/lang/ClassNotFoundException'{0x00000000c571f668}: com/app/entity/modal/BaseEntityCustomizer> (0x00000000c571f668) 
thrown [e:\jenkins\tmp\workspace\build\src\src\hotspot\share\classfile\systemDictionary.cpp, line 256]
Event: 729.604 Thread 0x000000006061bd30 Exception <a 'java/lang/ClassNotFoundException'{0x00000000c57268c8}: com/app/entity/modal/UserCustomizer> (0x00000000c57268c8) 
thrown [e:\jenkins\tmp\workspace\build\src\src\hotspot\share\classfile\systemDictionary.cpp, line 256]
Event: 729.607 Thread 0x000000006061bd30 Exception <a 'java/lang/ClassNotFoundException'{0x00000000c5738358}: com/app/entity/modal/PatientCustomizer> (0x00000000c5738358) 
thrown [e:\jenkins\tmp\workspace\build\src\src\hotspot\share\classfile\systemDictionary.cpp, line 256]
Event: 729.755 Thread 0x000000006061bd30 Exception <a 'java/lang/reflect/InvocationTargetException'{0x00000000c5095560}> (0x00000000c5095560) 
thrown [e:\jenkins\tmp\workspace\build\src\src\hotspot\share\runtime\reflection.cpp, line 1121]
Event: 730.221 Thread 0x000000006061bd30 Exception <a 'java/lang/ClassNotFoundException'{0x00000000c5309c40}: java/lang/ObjectCustomizer> (0x00000000c5309c40) 
thrown [e:\jenkins\tmp\workspace\build\src\src\hotspot\share\classfile\systemDictionary.cpp, line 256]
Event: 730.229 Thread 0x000000006061bd30 Exception <a 'java/lang/ClassNotFoundException'{0x00000000c5312868}: com/app/entity/modal/BaseEntityCustomizer> (0x00000000c5312868) 
thrown [e:\jenkins\tmp\workspace\build\src\src\hotspot\share\classfile\systemDictionary.cpp, line 256]
Event: 730.231 Thread 0x000000006061bd30 Exception <a 'java/lang/ClassNotFoundException'{0x00000000c5319ac8}: com/app/entity/modal/AdminCustomizer> (0x00000000c5319ac8) 
thrown [e:\jenkins\tmp\workspace\build\src\src\hotspot\share\classfile\systemDictionary.cpp, line 256]
Event: 730.374 Thread 0x000000006061bd30 Exception <a 'java/io/FileNotFoundException'{0x00000000c4dd7bb0}> (0x00000000c4dd7bb0) 
thrown [e:\jenkins\tmp\workspace\build\src\src\hotspot\share\prims\jni.cpp, line 516]
Event: 730.374 Thread 0x000000006061bd30 Exception <a 'java/io/FileNotFoundException'{0x00000000c4dd8a30}> (0x00000000c4dd8a30) 
thrown [e:\jenkins\tmp\workspace\build\src\src\hotspot\share\prims\jni.cpp, line 516]
Event: 730.653 Thread 0x000000006061bd30 Implicit null exception at 0x000000000dae1aba to 0x000000000dae3304
Event: 14229.689 Thread 0x000000006061c200 Implicit null exception at 0x000000000d7272b5 to 0x000000000d727914
Event: 14229.713 Thread 0x00000000629b4b10 Implicit null exception at 0x000000000d7272b5 to 0x000000000d727914
Event: 14229.768 Thread 0x00000000629b4b10 Implicit null exception at 0x000000000d7d7cc0 to 0x000000000d7dafe8
Event: 14229.779 Thread 0x000000006061c200 Implicit null exception at 0x000000000d7d7cc0 to 0x000000000d7dafe8

VM Operations (20 events):
Event: 6699.340 Executing VM operation: Cleanup
Event: 6699.340 Executing VM operation: Cleanup done
Event: 6730.154 Executing VM operation: G1CollectForAllocation
Event: 6730.201 Executing VM operation: G1CollectForAllocation done
Event: 6759.201 Executing VM operation: Cleanup
Event: 6759.201 Executing VM operation: Cleanup done
Event: 7110.154 Executing VM operation: G1CollectForAllocation
Event: 7110.158 Executing VM operation: G1CollectForAllocation done
Event: 13836.538 Executing VM operation: Cleanup
Event: 13837.970 Executing VM operation: Cleanup done
Event: 13841.970 Executing VM operation: Cleanup
Event: 13841.970 Executing VM operation: Cleanup done
Event: 13843.970 Executing VM operation: Cleanup
Event: 13843.970 Executing VM operation: Cleanup done
Event: 13848.970 Executing VM operation: Cleanup
Event: 13848.970 Executing VM operation: Cleanup done
Event: 13857.970 Executing VM operation: Cleanup
Event: 13857.970 Executing VM operation: Cleanup done
Event: 14101.154 Executing VM operation: G1CollectForAllocation
Event: 14101.176 Executing VM operation: G1CollectForAllocation done

Events (20 events):
Event: 6041.800 Thread 0x0000000066ab4b50 Thread added: 0x0000000066ab4b50
Event: 6041.835 Thread 0x0000000066ab5e90 Thread added: 0x0000000066ab5e90
Event: 6046.802 Thread 0x0000000066ab4b50 Thread exited: 0x0000000066ab4b50
Event: 6046.862 Thread 0x0000000066ab5e90 Thread exited: 0x0000000066ab5e90
Event: 6058.627 Thread 0x0000000066ab5e90 Thread added: 0x0000000066ab5e90
Event: 6058.628 Thread 0x0000000066ab4b50 Thread added: 0x0000000066ab4b50
Event: 6077.778 Thread 0x0000000066ab5e90 Thread exited: 0x0000000066ab5e90
Event: 6077.915 Thread 0x0000000066ab4b50 Thread exited: 0x0000000066ab4b50
Event: 6079.630 Thread 0x0000000066ab4b50 Thread added: 0x0000000066ab4b50
Event: 6079.632 Thread 0x0000000066ab5e90 Thread added: 0x0000000066ab5e90
Event: 6084.633 Thread 0x0000000066ab4b50 Thread exited: 0x0000000066ab4b50
Event: 6084.707 Thread 0x0000000066ab5e90 Thread exited: 0x0000000066ab5e90
Event: 6085.797 Thread 0x0000000066ab5e90 Thread added: 0x0000000066ab5e90
Event: 6085.797 Thread 0x0000000066ab4b50 Thread added: 0x0000000066ab4b50
Event: 6090.799 Thread 0x0000000066ab5e90 Thread exited: 0x0000000066ab5e90
Event: 6090.952 Thread 0x0000000066ab4b50 Thread exited: 0x0000000066ab4b50
Event: 13835.946 Thread 0x0000000066ab4b50 Thread added: 0x0000000066ab4b50
Event: 13835.946 Thread 0x0000000066ab5e90 Thread added: 0x0000000066ab5e90
Event: 13840.960 Thread 0x0000000066ab4b50 Thread exited: 0x0000000066ab4b50
Event: 13867.301 Thread 0x0000000066ab5e90 Thread exited: 0x0000000066ab5e90


Dynamic libraries:
0x000000013f400000 - 0x000000013f40e000 	D:\ecllipse 2020-9\eclipse\plugins\org.eclipse.justj.openjdk.hotspot.jre.full.win32.x86_64_17.0.3.v20220515-1416\jre\bin\javaw.exe
0x0000000076f90000 - 0x0000000077139000 	C:\Windows\SYSTEM32\ntdll.dll
0x0000000076e70000 - 0x0000000076f8f000 	C:\Windows\system32\kernel32.dll
0x000007fefd070000 - 0x000007fefd0db000 	C:\Windows\system32\KERNELBASE.dll
0x000007fef2e00000 - 0x000007fef2e18000 	D:\ecllipse 2020-9\eclipse\plugins\org.eclipse.justj.openjdk.hotspot.jre.full.win32.x86_64_17.0.3.v20220515-1416\jre\bin\jli.dll
0x000007fefb440000 - 0x000007fefb634000 	C:\Windows\WinSxS\amd64_microsoft.windows.common-controls_6595b64144ccf1df_6.0.7601.17514_none_fa396087175ac9ac\COMCTL32.dll
0x000007fefe030000 - 0x000007fefe0cf000 	C:\Windows\system32\msvcrt.dll
0x000007fefdee0000 - 0x000007fefdf47000 	C:\Windows\system32\GDI32.dll
0x0000000076d70000 - 0x0000000076e6a000 	C:\Windows\system32\USER32.dll
0x000007fefe1f0000 - 0x000007fefe1fe000 	C:\Windows\system32\LPK.dll
0x000007fefe120000 - 0x000007fefe1e9000 	C:\Windows\system32\USP10.dll
0x000007fefde60000 - 0x000007fefded1000 	C:\Windows\system32\SHLWAPI.dll
0x000007fefa600000 - 0x000007fefa619000 	D:\ecllipse 2020-9\eclipse\plugins\org.eclipse.justj.openjdk.hotspot.jre.full.win32.x86_64_17.0.3.v20220515-1416\jre\bin\VCRUNTIME140.dll
0x000007fefa6a0000 - 0x000007fefa6a4000 	D:\ecllipse 2020-9\eclipse\plugins\org.eclipse.justj.openjdk.hotspot.jre.full.win32.x86_64_17.0.3.v20220515-1416\jre\bin\api-ms-win-crt-runtime-l1-1-0.dll
0x000007feee8b0000 - 0x000007feee9aa000 	D:\ecllipse 2020-9\eclipse\plugins\org.eclipse.justj.openjdk.hotspot.jre.full.win32.x86_64_17.0.3.v20220515-1416\jre\bin\ucrtbase.DLL
0x000007fef6f20000 - 0x000007fef6f23000 	D:\ecllipse 2020-9\eclipse\plugins\org.eclipse.justj.openjdk.hotspot.jre.full.win32.x86_64_17.0.3.v20220515-1416\jre\bin\api-ms-win-core-localization-l1-2-0.dll
0x000007fef2330000 - 0x000007fef2333000 	D:\ecllipse 2020-9\eclipse\plugins\org.eclipse.justj.openjdk.hotspot.jre.full.win32.x86_64_17.0.3.v20220515-1416\jre\bin\api-ms-win-core-processthreads-l1-1-1.dll
0x000007fef2310000 - 0x000007fef2313000 	D:\ecllipse 2020-9\eclipse\plugins\org.eclipse.justj.openjdk.hotspot.jre.full.win32.x86_64_17.0.3.v20220515-1416\jre\bin\api-ms-win-core-file-l1-2-0.dll
0x000007fef2300000 - 0x000007fef2303000 	D:\ecllipse 2020-9\eclipse\plugins\org.eclipse.justj.openjdk.hotspot.jre.full.win32.x86_64_17.0.3.v20220515-1416\jre\bin\api-ms-win-core-timezone-l1-1-0.dll
0x000007fef22f0000 - 0x000007fef22f3000 	D:\ecllipse 2020-9\eclipse\plugins\org.eclipse.justj.openjdk.hotspot.jre.full.win32.x86_64_17.0.3.v20220515-1416\jre\bin\api-ms-win-core-file-l2-1-0.dll
0x000007fef22e0000 - 0x000007fef22e3000 	D:\ecllipse 2020-9\eclipse\plugins\org.eclipse.justj.openjdk.hotspot.jre.full.win32.x86_64_17.0.3.v20220515-1416\jre\bin\api-ms-win-core-synch-l1-2-0.dll
0x000007fef22d0000 - 0x000007fef22d3000 	D:\ecllipse 2020-9\eclipse\plugins\org.eclipse.justj.openjdk.hotspot.jre.full.win32.x86_64_17.0.3.v20220515-1416\jre\bin\api-ms-win-crt-heap-l1-1-0.dll
0x000007fef22c0000 - 0x000007fef22c4000 	D:\ecllipse 2020-9\eclipse\plugins\org.eclipse.justj.openjdk.hotspot.jre.full.win32.x86_64_17.0.3.v20220515-1416\jre\bin\api-ms-win-crt-string-l1-1-0.dll
0x000007fef1f10000 - 0x000007fef1f14000 	D:\ecllipse 2020-9\eclipse\plugins\org.eclipse.justj.openjdk.hotspot.jre.full.win32.x86_64_17.0.3.v20220515-1416\jre\bin\api-ms-win-crt-stdio-l1-1-0.dll
0x000007fef1f00000 - 0x000007fef1f04000 	D:\ecllipse 2020-9\eclipse\plugins\org.eclipse.justj.openjdk.hotspot.jre.full.win32.x86_64_17.0.3.v20220515-1416\jre\bin\api-ms-win-crt-convert-l1-1-0.dll
0x000007fef1ed0000 - 0x000007fef1ed3000 	D:\ecllipse 2020-9\eclipse\plugins\org.eclipse.justj.openjdk.hotspot.jre.full.win32.x86_64_17.0.3.v20220515-1416\jre\bin\api-ms-win-crt-environment-l1-1-0.dll
0x000007fef1ec0000 - 0x000007fef1ec3000 	D:\ecllipse 2020-9\eclipse\plugins\org.eclipse.justj.openjdk.hotspot.jre.full.win32.x86_64_17.0.3.v20220515-1416\jre\bin\api-ms-win-crt-filesystem-l1-1-0.dll
0x000007fef1eb0000 - 0x000007fef1eb5000 	D:\ecllipse 2020-9\eclipse\plugins\org.eclipse.justj.openjdk.hotspot.jre.full.win32.x86_64_17.0.3.v20220515-1416\jre\bin\api-ms-win-crt-math-l1-1-0.dll
0x000007fef1ea0000 - 0x000007fef1ea3000 	D:\ecllipse 2020-9\eclipse\plugins\org.eclipse.justj.openjdk.hotspot.jre.full.win32.x86_64_17.0.3.v20220515-1416\jre\bin\api-ms-win-crt-locale-l1-1-0.dll
0x000007fefe200000 - 0x000007fefe22e000 	C:\Windows\system32\IMM32.DLL
0x000007fefd2d0000 - 0x000007fefd3d9000 	C:\Windows\system32\MSCTF.dll
0x000007fef1e90000 - 0x000007fef1e9c000 	D:\ecllipse 2020-9\eclipse\plugins\org.eclipse.justj.openjdk.hotspot.jre.full.win32.x86_64_17.0.3.v20220515-1416\jre\bin\vcruntime140_1.dll
0x000007feeea10000 - 0x000007feeeaa1000 	D:\ecllipse 2020-9\eclipse\plugins\org.eclipse.justj.openjdk.hotspot.jre.full.win32.x86_64_17.0.3.v20220515-1416\jre\bin\msvcp140.dll
0x000007fef1e80000 - 0x000007fef1e83000 	D:\ecllipse 2020-9\eclipse\plugins\org.eclipse.justj.openjdk.hotspot.jre.full.win32.x86_64_17.0.3.v20220515-1416\jre\bin\api-ms-win-crt-time-l1-1-0.dll
0x000007fef1e70000 - 0x000007fef1e73000 	D:\ecllipse 2020-9\eclipse\plugins\org.eclipse.justj.openjdk.hotspot.jre.full.win32.x86_64_17.0.3.v20220515-1416\jre\bin\api-ms-win-crt-utility-l1-1-0.dll
0x000007fef2e80000 - 0x000007fef3ac8000 	D:\ecllipse 2020-9\eclipse\plugins\org.eclipse.justj.openjdk.hotspot.jre.full.win32.x86_64_17.0.3.v20220515-1416\jre\bin\server\jvm.dll
0x000007fefd9d0000 - 0x000007fefdaab000 	C:\Windows\system32\ADVAPI32.dll
0x000007fefd2b0000 - 0x000007fefd2cf000 	C:\Windows\SYSTEM32\sechost.dll
0x000007fefd6c0000 - 0x000007fefd7ed000 	C:\Windows\system32\RPCRT4.dll
0x000007fef2e70000 - 0x000007fef2e79000 	C:\Windows\system32\WSOCK32.dll
0x000007fefe0d0000 - 0x000007fefe11d000 	C:\Windows\system32\WS2_32.dll
0x000007fefd610000 - 0x000007fefd618000 	C:\Windows\system32\NSI.dll
0x000007fefadb0000 - 0x000007fefadeb000 	C:\Windows\system32\WINMM.dll
0x000007fefc040000 - 0x000007fefc04c000 	C:\Windows\system32\VERSION.dll
0x0000000077160000 - 0x0000000077167000 	C:\Windows\system32\PSAPI.DLL
0x000007fef2e60000 - 0x000007fef2e6a000 	D:\ecllipse 2020-9\eclipse\plugins\org.eclipse.justj.openjdk.hotspot.jre.full.win32.x86_64_17.0.3.v20220515-1416\jre\bin\jimage.dll
0x000007fef91d0000 - 0x000007fef92f5000 	C:\Windows\system32\DBGHELP.DLL
0x000007fef2e20000 - 0x000007fef2e45000 	D:\ecllipse 2020-9\eclipse\plugins\org.eclipse.justj.openjdk.hotspot.jre.full.win32.x86_64_17.0.3.v20220515-1416\jre\bin\java.dll
0x000007fef2de0000 - 0x000007fef2df8000 	D:\ecllipse 2020-9\eclipse\plugins\org.eclipse.justj.openjdk.hotspot.jre.full.win32.x86_64_17.0.3.v20220515-1416\jre\bin\zip.dll
0x000007fefe510000 - 0x000007feff298000 	C:\Windows\system32\SHELL32.dll
0x000007fefd3e0000 - 0x000007fefd5e3000 	C:\Windows\system32\ole32.dll
0x000007fefcee0000 - 0x000007fefceef000 	C:\Windows\system32\profapi.dll
0x000007fef2c50000 - 0x000007fef2c69000 	D:\ecllipse 2020-9\eclipse\plugins\org.eclipse.justj.openjdk.hotspot.jre.full.win32.x86_64_17.0.3.v20220515-1416\jre\bin\net.dll
0x000007fef9370000 - 0x000007fef93e1000 	C:\Windows\system32\WINHTTP.dll
0x000007fef9300000 - 0x000007fef9364000 	C:\Windows\system32\webio.dll
0x000007fefc750000 - 0x000007fefc7a5000 	C:\Windows\system32\mswsock.dll
0x000007fefc740000 - 0x000007fefc747000 	C:\Windows\System32\wship6.dll
0x000007fef2c30000 - 0x000007fef2c45000 	D:\ecllipse 2020-9\eclipse\plugins\org.eclipse.justj.openjdk.hotspot.jre.full.win32.x86_64_17.0.3.v20220515-1416\jre\bin\nio.dll
0x000007fef2c20000 - 0x000007fef2c30000 	D:\ecllipse 2020-9\eclipse\plugins\org.eclipse.justj.openjdk.hotspot.jre.full.win32.x86_64_17.0.3.v20220515-1416\jre\bin\verify.dll
0x000007fef6e50000 - 0x000007fef6e59000 	D:\ecllipse 2020-9\eclipse\plugins\org.eclipse.justj.openjdk.hotspot.jre.full.win32.x86_64_17.0.3.v20220515-1416\jre\bin\management.dll
0x000007fef6e40000 - 0x000007fef6e4b000 	D:\ecllipse 2020-9\eclipse\plugins\org.eclipse.justj.openjdk.hotspot.jre.full.win32.x86_64_17.0.3.v20220515-1416\jre\bin\management_ext.dll
0x000007fefbe50000 - 0x000007fefbe65000 	C:\Windows\system32\NLAapi.dll
0x000007fef4000000 - 0x000007fef4015000 	C:\Windows\system32\napinsp.dll
0x000007fef3fe0000 - 0x000007fef3ff9000 	C:\Windows\system32\pnrpnsp.dll
0x000007fefc5d0000 - 0x000007fefc62b000 	C:\Windows\system32\DNSAPI.dll
0x000007fef3fd0000 - 0x000007fef3fdb000 	C:\Windows\System32\winrnr.dll
0x000007fef3fc0000 - 0x000007fef3fd0000 	C:\Windows\system32\wshbth.dll
0x000007fefc110000 - 0x000007fefc117000 	C:\Windows\System32\wshtcpip.dll
0x000007fefac80000 - 0x000007fefaca7000 	C:\Windows\system32\IPHLPAPI.DLL
0x000007fefac70000 - 0x000007fefac7b000 	C:\Windows\system32\WINNSI.DLL
0x000007fef8de0000 - 0x000007fef8de8000 	C:\Windows\system32\rasadhlp.dll
0x000007fefa1d0000 - 0x000007fefa223000 	C:\Windows\System32\fwpuclnt.dll
0x000007fefc7b0000 - 0x000007fefc7c8000 	C:\Windows\system32\CRYPTSP.dll
0x000007fefc470000 - 0x000007fefc4b7000 	C:\Windows\system32\rsaenh.dll
0x000007fefc230000 - 0x000007fefc24e000 	C:\Windows\system32\USERENV.dll
0x000007fefce10000 - 0x000007fefce1f000 	C:\Windows\system32\CRYPTBASE.dll
0x000007fefa000000 - 0x000007fefa018000 	C:\Windows\system32\dhcpcsvc.DLL
0x000007fef9e40000 - 0x000007fef9e51000 	C:\Windows\system32\dhcpcsvc6.DLL
0x000007fef2360000 - 0x000007fef236e000 	D:\ecllipse 2020-9\eclipse\plugins\org.eclipse.justj.openjdk.hotspot.jre.full.win32.x86_64_17.0.3.v20220515-1416\jre\bin\sunmscapi.dll
0x000007fefd140000 - 0x000007fefd2ad000 	C:\Windows\system32\CRYPT32.dll
0x000007fefcf80000 - 0x000007fefcf8f000 	C:\Windows\system32\MSASN1.dll
0x000007fefc930000 - 0x000007fefc980000 	C:\Windows\system32\ncrypt.dll
0x000007fefc900000 - 0x000007fefc922000 	C:\Windows\system32\bcrypt.dll

dbghelp: loaded successfully - version: 4.0.5 - missing functions: none
symbol engine: initialized successfully - sym options: 0x614 - pdb path: .;D:\ecllipse 2020-9\eclipse\plugins\org.eclipse.justj.openjdk.hotspot.jre.full.win32.x86_64_17.0.3.v20220515-1416\jre\bin;C:\Windows\SYSTEM32;C:\Windows\WinSxS\amd64_microsoft.windows.common-controls_6595b64144ccf1df_6.0.7601.17514_none_fa396087175ac9ac;D:\ecllipse 2020-9\eclipse\plugins\org.eclipse.justj.openjdk.hotspot.jre.full.win32.x86_64_17.0.3.v20220515-1416\jre\bin\server

VM Arguments:
jvm_args: -Dfile.encoding=UTF-8 -XX:+ShowCodeDetailsInExceptionMessages 
java_command: com.app.Application
java_class_path (initial): F:\My Project\E-HealthCare\target\classes;C:\Users\dell\.m2\repository\org\springframework\boot\spring-boot-starter-data-jpa\2.6.6\spring-boot-starter-data-jpa-2.6.6.jar;C:\Users\dell\.m2\repository\org\springframework\boot\spring-boot-starter-aop\2.6.6\spring-boot-starter-aop-2.6.6.jar;C:\Users\dell\.m2\repository\org\aspectj\aspectjweaver\1.9.7\aspectjweaver-1.9.7.jar;C:\Users\dell\.m2\repository\org\springframework\boot\spring-boot-starter-jdbc\2.6.6\spring-boot-starter-jdbc-2.6.6.jar;C:\Users\dell\.m2\repository\com\zaxxer\HikariCP\4.0.3\HikariCP-4.0.3.jar;C:\Users\dell\.m2\repository\org\springframework\spring-jdbc\5.3.18\spring-jdbc-5.3.18.jar;C:\Users\dell\.m2\repository\jakarta\transaction\jakarta.transaction-api\1.3.3\jakarta.transaction-api-1.3.3.jar;C:\Users\dell\.m2\repository\jakarta\persistence\jakarta.persistence-api\2.2.3\jakarta.persistence-api-2.2.3.jar;C:\Users\dell\.m2\repository\org\hibernate\hibernate-core\5.6.7.Final\hibernate-core-5.6.7.Final.jar;C:\Users\dell\.m2\repository\org\jboss\logging\jboss-logging\3.4.3.Final\jboss-logging-3.4.3.Final.jar;C:\Users\dell\.m2\repository\net\bytebuddy\byte-buddy\1.11.22\byte-buddy-1.11.22.jar;C:\Users\dell\.m2\repository\antlr\antlr\2.7.7\antlr-2.7.7.jar;C:\Users\dell\.m2\repository\org\jboss\jandex\2.4.2.Final\jandex-2.4.2.Final.jar;C:\Users\dell\.m2\repository\com\fasterxml\classmate\1.5.1\classmate-1.5.1.jar;C:\Users\dell\.m2\repository\org\hibernate\common\hibernate-commons-annotations\5.1.2.Final\hibernate-commons-annotations-5.1.2.Final.jar;C:\Users\dell\.m2\repository\org\glassfish\jaxb\jaxb-runtime\2.3.6\jaxb-runtime-2.3.6.jar;C:\Users\dell\.m2\repository\org\glassfish\jaxb\txw2\2.3.6\txw2-2.3.6.jar;C:\Users\dell\.m2\repository\com\sun\istack\istack-commons-runtime\3.0.12\istack-commons-runtime-3.0.12.jar;C:\Users\dell\.m2\repository\org\springframework\data\spring-data-jpa\2.6.3\spring-data-jpa-2.6.3.jar;C:\Users\dell\.m2\repository\org\springframework\data\spring-da
Launcher Type: SUN_STANDARD

[Global flags]
     intx CICompilerCount                          = 3                                         {product} {ergonomic}
     uint ConcGCThreads                            = 1                                         {product} {ergonomic}
     uint G1ConcRefinementThreads                  = 4                                         {product} {ergonomic}
   size_t G1HeapRegionSize                         = 1048576                                   {product} {ergonomic}
    uintx GCDrainStackTargetSize                   = 64                                        {product} {ergonomic}
   size_t InitialHeapSize                          = 67108864                                  {product} {ergonomic}
   size_t MarkStackSize                            = 4194304                                   {product} {ergonomic}
   size_t MaxHeapSize                              = 1048576000                                {product} {ergonomic}
   size_t MaxNewSize                               = 629145600                                 {product} {ergonomic}
   size_t MinHeapDeltaBytes                        = 1048576                                   {product} {ergonomic}
   size_t MinHeapSize                              = 8388608                                   {product} {ergonomic}
    uintx NonNMethodCodeHeapSize                   = 5832780                                {pd product} {ergonomic}
    uintx NonProfiledCodeHeapSize                  = 122912730                              {pd product} {ergonomic}
    uintx ProfiledCodeHeapSize                     = 122912730                              {pd product} {ergonomic}
    uintx ReservedCodeCacheSize                    = 251658240                              {pd product} {ergonomic}
     bool SegmentedCodeCache                       = true                                      {product} {ergonomic}
     bool ShowCodeDetailsInExceptionMessages       = true                                   {manageable} {command line}
   size_t SoftMaxHeapSize                          = 1048576000                             {manageable} {ergonomic}
     bool UseCompressedClassPointers               = true                           {product lp64_product} {ergonomic}
     bool UseCompressedOops                        = true                           {product lp64_product} {ergonomic}
     bool UseG1GC                                  = true                                      {product} {ergonomic}
     bool UseLargePagesIndividualAllocation        = false                                  {pd product} {ergonomic}

Logging:
Log output configuration:
 #0: stdout all=warning uptime,level,tags
 #1: stderr all=off uptime,level,tags

Environment Variables:
PATH=D:/ecllipse 2020-9/eclipse//plugins/org.eclipse.justj.openjdk.hotspot.jre.full.win32.x86_64_17.0.3.v20220515-1416/jre/bin/server;D:/ecllipse 2020-9/eclipse//plugins/org.eclipse.justj.openjdk.hotspot.jre.full.win32.x86_64_17.0.3.v20220515-1416/jre/bin;C:\Program Files\Eclipse Adoptium\jdk-11.0.13.8-hotspot\bin;C:\Program Files (x86)\Common Files\Oracle\Java\javapath;C:\Program Files\MySQL\MySQL Server 8.0\bin;C:\Program Files\MongoDB\Server\4.0\bin; F:\java software\bin;C:\Program Files\Java\jdk1.8.0_202\bin;C:\Program Files\Java\jre1.8.0_202\bin;C:\MinGW\bin;C:\Program Files\nodejs\;C:\Windows\System32;C:\Program Files\Microsoft SQL Server\130\Tools\Binn\;C:\Program Files\Git\cmd;C:\Program Files\dotnet\;C:\Program Files (x86)\Microsoft SQL Server\100\Tools\Binn\VSShell\Common7\IDE\;C:\Program Files (x86)\Microsoft SQL Server\100\Tools\Binn\;C:\Program Files\Microsoft SQL Server\100\Tools\Binn\;C:\Program Files (x86)\Microsoft SQL Server\100\DTS\Binn\;C:\Program Files\Microsoft SQL Server\Client SDK\ODBC\170\Tools\Binn\;C:\Program Files\MySQL\MySQL Shell 8.0\bin\;C:\mongodb-3.6.23\bin;C:\Program Files\Java\jdk1.8.0_202\bin;C:\Program Files\Java\jre1.8.0_202\bin;C:\MinGW\bin;C:\Program Files\nodejs\;C:\Windows\System32;C:\Program Files\nodejs;C:\Program Files\dotnet\sdk\6.0.301;C:\Program Files\Eclipse Adoptium\jdk-11.0.13.8-hotspot\bin;C:\Users\dell\.dotnet\tools;C:\Program Files\Azure Data Studio\bin;C:\Users\dell\AppData\Local\Programs\Microsoft VS Code\bin;D:\ecllipse 2020-9\eclipse;
USERNAME=dell
OS=Windows_NT
PROCESSOR_IDENTIFIER=Intel64 Family 6 Model 69 Stepping 1, GenuineIntel



---------------  S Y S T E M  ---------------

OS:
 Windows 7 , 64 bit Build 7601 (6.1.7601.18015)
OS uptime: 0 days 7:33 hours

CPU: total 4 (initial active 4) (2 cores per cpu, 2 threads per core) family 6 model 69 stepping 1 microcode 0x0, cx8, cmov, fxsr, ht, mmx, sse, sse2, sse3, ssse3, sse4.1, sse4.2, popcnt, lzcnt, tsc, tscinvbit, avx, avx2, aes, erms, clmul, bmi1, bmi2, fma, vzeroupper, clflush

Memory: 4k page, system-wide physical 3999M (898M free)
TotalPageFile size 9847M (AvailPageFile size 7M)
current process WorkingSet (physical memory assigned to process): 155M, peak: 282M
current process commit charge ("private bytes"): 301M, peak: 308M

vm_info: OpenJDK 64-Bit Server VM (17.0.3+7) for windows-amd64 JRE (17.0.3+7), built on Apr 19 2022 16:55:35 by "" with MS VC++ 16.7 (VS2019)

END.
